# JRE version: OpenJDK Runtime Environment (8.0_212) (build 1.8.0_212-release-1586-b4-5784211)
# Java VM: OpenJDK 64-Bit Server VM (25.212-b4-5784211 mixed mode linux-amd64 compressed oops)
Heap:
 PSYoungGen      total 421376K, used 0K [0x00000000e0000000, 0x0000000100000000, 0x0000000100000000)
  eden space 394240K, 0% used [0x00000000e0000000,0x00000000e0000000,0x00000000f8100000)
  from space 27136K, 0% used [0x00000000fe280000,0x00000000fe280000,0x00000000ffd00000)
  to   space 65024K, 0% used [0x00000000f8100000,0x00000000f8100000,0x00000000fc080000)
 ParOldGen       total 423424K, used 210765K [0x00000000a0000000, 0x00000000b9d80000, 0x00000000e0000000)
  object space 423424K, 49% used [0x00000000a0000000,0x00000000acdd37f0,0x00000000b9d80000)
 Metaspace       used 126795K, capacity 135080K, committed 135552K, reserved 1167360K
  class space    used 15807K, capacity 17351K, committed 17536K, reserved 1048576K
GC Heap History (10 events):
Event: 27397,935 GC heap after
Heap after GC invocations=147 (full 11):
 PSYoungGen      total 494592K, used 12939K [0x00000000e0000000, 0x00000000ffe00000, 0x0000000100000000)
  eden space 468992K, 0% used [0x00000000e0000000,0x00000000e0000000,0x00000000fca00000)
  from space 25600K, 50% used [0x00000000fe500000,0x00000000ff1a2ed0,0x00000000ffe00000)
  to   space 26624K, 0% used [0x00000000fca00000,0x00000000fca00000,0x00000000fe400000)
 ParOldGen       total 423424K, used 288960K [0x00000000a0000000, 0x00000000b9d80000, 0x00000000e0000000)
  object space 423424K, 68% used [0x00000000a0000000,0x00000000b1a30378,0x00000000b9d80000)
 Metaspace       used 126716K, capacity 134996K, committed 135296K, reserved 1167360K
  class space    used 15806K, capacity 17349K, committed 17536K, reserved 1048576K
}
Event: 27399,700 GC heap before
{Heap before GC invocations=148 (full 11):
 PSYoungGen      total 494592K, used 481931K [0x00000000e0000000, 0x00000000ffe00000, 0x0000000100000000)
  eden space 468992K, 100% used [0x00000000e0000000,0x00000000fca00000,0x00000000fca00000)
  from space 25600K, 50% used [0x00000000fe500000,0x00000000ff1a2ed0,0x00000000ffe00000)
  to   space 26624K, 0% used [0x00000000fca00000,0x00000000fca00000,0x00000000fe400000)
 ParOldGen       total 423424K, used 288960K [0x00000000a0000000, 0x00000000b9d80000, 0x00000000e0000000)
  object space 423424K, 68% used [0x00000000a0000000,0x00000000b1a30378,0x00000000b9d80000)
 Metaspace       used 126726K, capacity 134996K, committed 135296K, reserved 1167360K
  class space    used 15806K, capacity 17349K, committed 17536K, reserved 1048576K
Event: 27399,766 GC heap after
Heap after GC invocations=148 (full 11):
 PSYoungGen      total 490496K, used 21093K [0x00000000e0000000, 0x0000000100000000, 0x0000000100000000)
  eden space 468992K, 0% used [0x00000000e0000000,0x00000000e0000000,0x00000000fca00000)
  from space 21504K, 98% used [0x00000000fca00000,0x00000000fde99448,0x00000000fdf00000)
  to   space 29184K, 0% used [0x00000000fe380000,0x00000000fe380000,0x0000000100000000)
 ParOldGen       total 423424K, used 297332K [0x00000000a0000000, 0x00000000b9d80000, 0x00000000e0000000)
  object space 423424K, 70% used [0x00000000a0000000,0x00000000b225d038,0x00000000b9d80000)
 Metaspace       used 126726K, capacity 134996K, committed 135296K, reserved 1167360K
  class space    used 15806K, capacity 17349K, committed 17536K, reserved 1048576K
}
Event: 27401,222 GC heap before
{Heap before GC invocations=149 (full 11):
 PSYoungGen      total 490496K, used 490085K [0x00000000e0000000, 0x0000000100000000, 0x0000000100000000)
  eden space 468992K, 100% used [0x00000000e0000000,0x00000000fca00000,0x00000000fca00000)
  from space 21504K, 98% used [0x00000000fca00000,0x00000000fde99448,0x00000000fdf00000)
  to   space 29184K, 0% used [0x00000000fe380000,0x00000000fe380000,0x0000000100000000)
 ParOldGen       total 423424K, used 297572K [0x00000000a0000000, 0x00000000b9d80000, 0x00000000e0000000)
  object space 423424K, 70% used [0x00000000a0000000,0x00000000b2299328,0x00000000b9d80000)
 Metaspace       used 126736K, capacity 134996K, committed 135296K, reserved 1167360K
  class space    used 15806K, capacity 17349K, committed 17536K, reserved 1048576K
Event: 27401,313 GC heap after
Heap after GC invocations=149 (full 11):
 PSYoungGen      total 496128K, used 5669K [0x00000000e0000000, 0x0000000100000000, 0x0000000100000000)
  eden space 466944K, 0% used [0x00000000e0000000,0x00000000e0000000,0x00000000fc800000)
  from space 29184K, 19% used [0x00000000fe380000,0x00000000fe909708,0x0000000100000000)
  to   space 28160K, 0% used [0x00000000fc800000,0x00000000fc800000,0x00000000fe380000)
 ParOldGen       total 423424K, used 314470K [0x00000000a0000000, 0x00000000b9d80000, 0x00000000e0000000)
  object space 423424K, 74% used [0x00000000a0000000,0x00000000b3319a50,0x00000000b9d80000)
 Metaspace       used 126736K, capacity 134996K, committed 135296K, reserved 1167360K
  class space    used 15806K, capacity 17349K, committed 17536K, reserved 1048576K
}
Event: 27403,551 GC heap before
{Heap before GC invocations=150 (full 11):
 PSYoungGen      total 496128K, used 472613K [0x00000000e0000000, 0x0000000100000000, 0x0000000100000000)
  eden space 466944K, 100% used [0x00000000e0000000,0x00000000fc800000,0x00000000fc800000)
  from space 29184K, 19% used [0x00000000fe380000,0x00000000fe909708,0x0000000100000000)
  to   space 28160K, 0% used [0x00000000fc800000,0x00000000fc800000,0x00000000fe380000)
 ParOldGen       total 423424K, used 314472K [0x00000000a0000000, 0x00000000b9d80000, 0x00000000e0000000)
  object space 423424K, 74% used [0x00000000a0000000,0x00000000b331a1b8,0x00000000b9d80000)
 Metaspace       used 126769K, capacity 135008K, committed 135296K, reserved 1167360K
  class space    used 15807K, capacity 17351K, committed 17536K, reserved 1048576K
Event: 27403,623 GC heap after
Heap after GC invocations=150 (full 11):
 PSYoungGen      total 473088K, used 5923K [0x00000000e0000000, 0x00000000ffd00000, 0x0000000100000000)
  eden space 466944K, 0% used [0x00000000e0000000,0x00000000e0000000,0x00000000fc800000)
  from space 6144K, 96% used [0x00000000fc800000,0x00000000fcdc8cf0,0x00000000fce00000)
  to   space 27136K, 0% used [0x00000000fe280000,0x00000000fe280000,0x00000000ffd00000)
 ParOldGen       total 423424K, used 317433K [0x00000000a0000000, 0x00000000b9d80000, 0x00000000e0000000)
  object space 423424K, 74% used [0x00000000a0000000,0x00000000b35fe5f8,0x00000000b9d80000)
 Metaspace       used 126769K, capacity 135008K, committed 135296K, reserved 1167360K
  class space    used 15807K, capacity 17351K, committed 17536K, reserved 1048576K
}
Event: 27408,114 GC heap before
{Heap before GC invocations=151 (full 11):
 PSYoungGen      total 473088K, used 472867K [0x00000000e0000000, 0x00000000ffd00000, 0x0000000100000000)
  eden space 466944K, 100% used [0x00000000e0000000,0x00000000fc800000,0x00000000fc800000)
  from space 6144K, 96% used [0x00000000fc800000,0x00000000fcdc8cf0,0x00000000fce00000)
  to   space 27136K, 0% used [0x00000000fe280000,0x00000000fe280000,0x00000000ffd00000)
 ParOldGen       total 423424K, used 317433K [0x00000000a0000000, 0x00000000b9d80000, 0x00000000e0000000)
  object space 423424K, 74% used [0x00000000a0000000,0x00000000b35fe5f8,0x00000000b9d80000)
 Metaspace       used 126795K, capacity 135080K, committed 135552K, reserved 1167360K
  class space    used 15807K, capacity 17351K, committed 17536K, reserved 1048576K
Event: 27408,455 GC heap after
Heap after GC invocations=151 (full 11):
 PSYoungGen      total 421376K, used 27122K [0x00000000e0000000, 0x0000000100000000, 0x0000000100000000)
  eden space 394240K, 0% used [0x00000000e0000000,0x00000000e0000000,0x00000000f8100000)
  from space 27136K, 99% used [0x00000000fe280000,0x00000000ffcfc8d0,0x00000000ffd00000)
  to   space 65024K, 0% used [0x00000000f8100000,0x00000000f8100000,0x00000000fc080000)
 ParOldGen       total 423424K, used 407135K [0x00000000a0000000, 0x00000000b9d80000, 0x00000000e0000000)
  object space 423424K, 96% used [0x00000000a0000000,0x00000000b8d97fc0,0x00000000b9d80000)
 Metaspace       used 126795K, capacity 135080K, committed 135552K, reserved 1167360K
  class space    used 15807K, capacity 17351K, committed 17536K, reserved 1048576K
}
Event: 27408,486 GC heap before
{Heap before GC invocations=152 (full 12):
 PSYoungGen      total 421376K, used 27122K [0x00000000e0000000, 0x0000000100000000, 0x0000000100000000)
  eden space 394240K, 0% used [0x00000000e0000000,0x00000000e0000000,0x00000000f8100000)
  from space 27136K, 99% used [0x00000000fe280000,0x00000000ffcfc8d0,0x00000000ffd00000)
  to   space 65024K, 0% used [0x00000000f8100000,0x00000000f8100000,0x00000000fc080000)
 ParOldGen       total 423424K, used 407135K [0x00000000a0000000, 0x00000000b9d80000, 0x00000000e0000000)
  object space 423424K, 96% used [0x00000000a0000000,0x00000000b8d97fc0,0x00000000b9d80000)
 Metaspace       used 126795K, capacity 135080K, committed 135552K, reserved 1167360K
  class space    used 15807K, capacity 17351K, committed 17536K, reserved 1048576K

